===== Tue 02/10/2026 17:39:30.30 ===== 
[1/4] Locating ArcGIS Pro Conda...
[2/4] Checking for environment: ra-env
Environment ra-env not found. Creating clone...
WARNING: A space was detected in your requested environment path:
'C:\Program Files\ArcGIS\Pro\bin\Python\envs\ra-env'
Spaces in paths can sometimes be problematic. To minimize issues,
make sure you activate your environment before running any executables!

Source:      C:\Program Files\ArcGIS\Pro\bin\Python\envs\arcgispro-py3
Destination: C:\Program Files\ArcGIS\Pro\bin\Python\envs\ra-env
Packages: 298
Files: 11

Downloading and Extracting Packages: ...working... done

## Package Plan ##

  environment location: C:\Program Files\ArcGIS\Pro\bin\Python\envs\ra-env

  added / updated specs:
    - defaults/noarch::appdirs==1.4.4=pyhd3eb1b0_0
    - defaults/noarch::argon2-cffi==21.3.0=pyhd3eb1b0_0
    - defaults/noarch::asttokens==2.0.5=pyhd3eb1b0_0
    - defaults/noarch::charset-normalizer==3.3.2=pyhd3eb1b0_0
    - defaults/noarch::cycler==0.11.0=pyhd3eb1b0_0
    - defaults/noarch::decorator==5.1.1=pyhd3eb1b0_0
    - defaults/noarch::defusedxml==0.7.1=pyhd3eb1b0_0
    - defaults/noarch::executing==0.8.3=pyhd3eb1b0_0
    - defaults/noarch::importlib_metadata==8.5.0=hd3eb1b0_0
    - defaults/noarch::ipython_genutils==0.2.0=pyhd3eb1b0_1
    - defaults/noarch::jdcal==1.4.1=pyhd3eb1b0_0
    - defaults/noarch::mccabe==0.7.0=pyhd3eb1b0_0
    - defaults/noarch::nose==1.3.7=pyhd3eb1b0_1008
    - defaults/noarch::olefile==0.46=pyhd3eb1b0_0
    - defaults/noarch::pandocfilters==1.5.0=pyhd3eb1b0_0
    - defaults/noarch::pickleshare==0.7.5=pyhd3eb1b0_1003
    - defaults/noarch::pure_eval==0.2.2=pyhd3eb1b0_0
    - defaults/noarch::pycparser==2.21=pyhd3eb1b0_0
    - defaults/noarch::sortedcontainers==2.4.0=pyhd3eb1b0_0
    - defaults/noarch::tblib==1.7.0=pyhd3eb1b0_0
    - defaults/noarch::toml==0.10.2=pyhd3eb1b0_0
    - defaults/noarch::tzdata==2025a=h04d1e81_0
    - defaults/noarch::wcwidth==0.2.5=pyhd3eb1b0_0
    - defaults/noarch::xlrd==2.0.1=pyhd3eb1b0_1
    - defaults/win-64::anyio==4.6.2=py311haa95532_0
    - defaults/win-64::argon2-cffi-bindings==21.2.0=py311h827c3e9_1
    - defaults/win-64::astor==0.8.1=py311haa95532_0
    - defaults/win-64::attrs==24.3.0=py311haa95532_0
    - defaults/win-64::autograd-gamma==0.5.0=py311haa95532_0
    - defaults/win-64::autograd==1.5=py311haa95532_0
    - defaults/win-64::beautifulsoup4==4.12.3=py311haa95532_0
    - defaults/win-64::blas==1.0=mkl
    - defaults/win-64::bleach==6.2.0=py311haa95532_0
    - defaults/win-64::blinker==1.9.0=py311haa95532_0
    - defaults/win-64::bottleneck==1.4.2=py311h57dcf0c_0
    - defaults/win-64::brotli-python==1.0.9=py311h5da7b33_9
    - defaults/win-64::cachetools==5.5.1=py311haa95532_0
    - defaults/win-64::certifi==2025.1.31=py311haa95532_0
    - defaults/win-64::cffi==1.17.1=py311h827c3e9_1
    - defaults/win-64::chardet==4.0.0=py311haa95532_1003
    - defaults/win-64::click==8.1.7=py311haa95532_0
    - defaults/win-64::cloudpickle==3.0.0=py311haa95532_0
    - defaults/win-64::colorama==0.4.6=py311haa95532_0
    - defaults/win-64::contourpy==1.3.1=py311h214f63a_0
    - defaults/win-64::cytoolz==1.0.1=py311h827c3e9_0
    - defaults/win-64::entrypoints==0.4=py311haa95532_0
    - defaults/win-64::et_xmlfile==1.1.0=py311haa95532_0
    - defaults/win-64::flake8==7.1.1=py311haa95532_0
    - defaults/win-64::fonttools==4.55.3=py311h827c3e9_0
    - defaults/win-64::formulaic==0.6.2=py311haa95532_1
    - defaults/win-64::fsspec==2024.12.0=py311haa95532_0
    - defaults/win-64::greenlet==3.1.1=py311h5da7b33_0
    - defaults/win-64::h11==0.14.0=py311haa95532_0
    - defaults/win-64::httpcore==1.0.2=py311haa95532_0
    - defaults/win-64::httpx==0.27.0=py311haa95532_0
    - defaults/win-64::idna==3.7=py311haa95532_0
    - defaults/win-64::importlib-metadata==8.5.0=py311haa95532_0
    - defaults/win-64::importlib_resources==6.4.0=py311haa95532_0
    - defaults/win-64::interface_meta==1.3.0=py311haa95532_0
    - defaults/win-64::jinja2==3.1.5=py311haa95532_0
    - defaults/win-64::jsonschema-specifications==2023.7.1=py311haa95532_0
    - defaults/win-64::jsonschema==4.23.0=py311haa95532_0
    - defaults/win-64::jupyter_server_terminals==0.4.4=py311haa95532_1
    - defaults/win-64::kiwisolver==1.4.8=py311h5da7b33_0
    - defaults/win-64::locket==1.0.0=py311haa95532_0
    - defaults/win-64::lz4==4.3.2=py311h827c3e9_1
    - defaults/win-64::markupsafe==3.0.2=py311h827c3e9_0
    - defaults/win-64::mistune==3.1.2=py311haa95532_0
    - defaults/win-64::mpmath==1.3.0=py311haa95532_0
    - defaults/win-64::msgpack-python==1.0.3=py311h59b6b97_0
    - defaults/win-64::mypy_extensions==1.0.0=py311haa95532_0
    - defaults/win-64::nest-asyncio==1.6.0=py311haa95532_0
    - defaults/win-64::openpyxl==3.1.5=py311h827c3e9_1
    - defaults/win-64::overrides==7.4.0=py311haa95532_0
    - defaults/win-64::packaging==24.2=py311haa95532_0
    - defaults/win-64::parso==0.8.4=py311haa95532_0
    - defaults/win-64::partd==1.4.2=py311haa95532_0
    - defaults/win-64::patsy==1.0.1=py311haa95532_0
    - defaults/win-64::platformdirs==3.10.0=py311haa95532_0
    - defaults/win-64::pluggy==1.5.0=py311haa95532_0
    - defaults/win-64::psutil==5.9.0=py311h827c3e9_1
    - defaults/win-64::pycodestyle==2.12.1=py311haa95532_0
    - defaults/win-64::pyflakes==3.2.0=py311haa95532_0
    - defaults/win-64::pyodbc==5.2.0=py311h5da7b33_0
    - defaults/win-64::pyparsing==3.2.0=py311haa95532_0
    - defaults/win-64::pyshp==2.3.1=py311haa95532_0
    - defaults/win-64::pysocks==1.7.1=py311haa95532_0
    - defaults/win-64::python-dateutil==2.9.0post0=py311haa95532_2
    - defaults/win-64::python-fastjsonschema==2.20.0=py311haa95532_0
    - defaults/win-64::python-json-logger==3.2.1=py311haa95532_0
    - defaults/win-64::pywinpty==2.0.14=py311h72d21ff_0
    - defaults/win-64::pyyaml==6.0.2=py311h827c3e9_0
    - defaults/win-64::referencing==0.30.2=py311haa95532_0
    - defaults/win-64::regex==2024.11.6=py311h827c3e9_0
    - defaults/win-64::requests-oauthlib==2.0.0=py311haa95532_0
    - defaults/win-64::requests==2.32.3=py311haa95532_1
    - defaults/win-64::rfc3339-validator==0.1.4=py311haa95532_0
    - defaults/win-64::rfc3986-validator==0.1.1=py311haa95532_0
    - defaults/win-64::rpds-py==0.22.3=py311h636fa0f_0
    - defaults/win-64::ruamel.yaml.clib==0.2.8=py311h827c3e9_0
    - defaults/win-64::ruamel.yaml==0.18.6=py311h827c3e9_0
    - defaults/win-64::seaborn==0.13.2=py311haa95532_2
    - defaults/win-64::send2trash==1.8.2=py311haa95532_1
    - defaults/win-64::sniffio==1.3.0=py311haa95532_0
    - defaults/win-64::soupsieve==2.5=py311haa95532_0
    - defaults/win-64::statsmodels==0.14.4=py311h827c3e9_0
    - defaults/win-64::tbb4py==2021.8.0=py311h59b6b97_0
    - defaults/win-64::tbb==2021.8.0=h59b6b97_0
    - defaults/win-64::terminado==0.17.1=py311haa95532_0
    - defaults/win-64::tomli==2.0.1=py311haa95532_0
    - defaults/win-64::toolz==1.0.0=py311haa95532_0
    - defaults/win-64::tornado==6.4.2=py311h827c3e9_0
    - defaults/win-64::tqdm==4.67.1=py311h746a85d_0
    - defaults/win-64::traitlets==5.14.3=py311haa95532_0
    - defaults/win-64::typing-extensions==4.12.2=py311haa95532_0
    - defaults/win-64::typing_extensions==4.12.2=py311haa95532_0
    - defaults/win-64::ujson==5.10.0=py311h5da7b33_1
    - defaults/win-64::unicodedata2==15.1.0=py311h827c3e9_1
    - defaults/win-64::urllib3==2.3.0=py311haa95532_0
    - defaults/win-64::watchfiles==0.24.0=py311h636fa0f_2
    - defaults/win-64::webencodings==0.5.1=py311haa95532_1
    - defaults/win-64::websocket-client==1.8.0=py311haa95532_0
    - defaults/win-64::wheel==0.45.1=py311haa95532_0
    - defaults/win-64::winpty==0.4.3=4
    - defaults/win-64::wrapt==1.17.0=py311h827c3e9_0
    - defaults/win-64::xarray==2024.11.0=py311haa95532_0
    - defaults/win-64::xlwt==1.3.0=py311haa95532_0
    - defaults/win-64::zipp==3.21.0=py311haa95532_0
    - esri/noarch::annotated-types==0.6.0=py_2
    - esri/noarch::anywidget==0.9.13=py_1
    - esri/noarch::arcgis-mapping==4.31.0=py_548
    - esri/noarch::async-lru==2.0.4=py_0
    - esri/noarch::azure-core==1.12.0=py_0
    - esri/noarch::azure-storage-blob==12.8.0=py_0
    - esri/noarch::black-jupyter==23.10.1=2
    - esri/noarch::comm==0.2.2=py_0
    - esri/noarch::dask-core==2024.12.1=py_0
    - esri/noarch::dask-expr==1.1.21=py_0
    - esri/noarch::dask==2024.12.1=py_0
    - esri/noarch::distributed==2024.12.1=py_0
    - esri/noarch::exceptiongroup==1.0.0rc9=pyhd8ed1ab_0
    - esri/noarch::geomet==1.0.0=py_0
    - esri/noarch::iniconfig==1.1.1=pyhd3eb1b0_0
    - esri/noarch::ipykernel==6.29.5=pyh5f5efe1_0
    - esri/noarch::ipython==8.32.0=pyh3a91677_2
    - esri/noarch::ipywidgets==8.1.5=py_0
    - esri/noarch::isodate==0.6.0=py_0
    - esri/noarch::jedi==0.18.2=py_1
    - esri/noarch::json5==0.9.25=py_0
    - esri/noarch::jupyter-lsp==2.2.0=py_0
    - esri/noarch::jupyter_client==8.6.0=py_0
    - esri/noarch::jupyter_console==6.6.3=py_0
    - esri/noarch::jupyter_events==0.10.0=py_0
    - esri/noarch::jupyter_server==2.14.2=py_0
    - esri/noarch::jupyterlab==4.2.5=py_0
    - esri/noarch::jupyterlab_pygments==0.3.0=py_1
    - esri/noarch::jupyterlab_server==2.27.3=py_0
    - esri/noarch::jupyterlab_widgets==3.0.13=py_0
    - esri/noarch::keyring==24.3.0=py_2
    - esri/noarch::lifelines==0.30.0=py_0
    - esri/noarch::matplotlib-inline==0.1.7=py_0
    - esri/noarch::msrest==0.6.21=py_0
    - esri/noarch::nbclassic==1.1.0=py_1
    - esri/noarch::nbclient==0.8.0=py_0
    - esri/noarch::nbconvert==7.16.6=py_0
    - esri/noarch::nbformat==5.10.4=py_0
    - esri/noarch::notebook-shim==0.2.4=py_0
    - esri/noarch::notebook==7.2.2=py_1
    - esri/noarch::oauthlib==3.2.2=py_0
    - esri/noarch::pathspec==0.9.0=py_0
    - esri/noarch::pefile==2022.5.30=pyhd8ed1ab_0
    - esri/noarch::prometheus_client==0.20.0=py_0
    - esri/noarch::prompt-toolkit==3.0.47=py_0
    - esri/noarch::prompt_toolkit==3.0.47=0
    - esri/noarch::psygnal==0.11.0=py_0
    - esri/noarch::puremagic==1.15=py_0
    - esri/noarch::pydantic==2.10.6=py_0
    - esri/noarch::pygments==2.18.0=py_0
    - esri/noarch::pyjwt==2.4.0=py_1
    - esri/noarch::pylerc==4.0=py_0
    - esri/noarch::pypdf==4.3.1=py_1
    - esri/noarch::requests-gssapi==1.2.3=py_2
    - esri/noarch::requests-kerberos==0.14.0=pyh424387f_4
    - esri/noarch::requests-toolbelt==1.0.0=py_0
    - esri/noarch::saspy==4.3.2=py_1
    - esri/noarch::six==1.16.0=py_0
    - esri/noarch::stack_data==0.5.1=py_0
    - esri/noarch::testpath==0.5.0=py_0
    - esri/noarch::tinycss2==1.1.1=py_0
    - esri/noarch::tokenize-rt==6.0.0=py_0
    - esri/noarch::truststore==0.10.0=py_1
    - esri/noarch::widgetsnbextension==4.0.13=py_0
    - esri/noarch::xeus-python-shell-raw==0.6.3=py_2
    - esri/noarch::xeus-python-shell==0.6.3=2
    - esri/noarch::zict==3.0.0=py_0
    - esri/win-64::arcgis==2.4.1=py311_6790
    - esri/win-64::arcgispro==3.5=0
    - esri/win-64::arcpy-base==3.5=py311_57294
    - esri/win-64::arcpy==3.5=py311_arcgispro_57294
    - esri/win-64::arrow-cpp==16.1.0=5
    - esri/win-64::aws-crt-cpp==0.27.4=0
    - esri/win-64::aws-sdk-cpp-base==1.11.386=1
    - esri/win-64::babel==2.11.0=py311_1
    - esri/win-64::black==23.10.1=py311_2
    - esri/win-64::brotli-bin==1.1.0=2
    - esri/win-64::brotli==1.1.0=2
    - esri/win-64::c-ares==1.19.1=0
    - esri/win-64::cftime==1.6.4=py311_1
    - esri/win-64::cppzmq==4.9.0=0
    - esri/win-64::cryptography==43.0.1=py311_0
    - esri/win-64::debugpy==1.8.11=py311_0
    - esri/win-64::dpcpp-cpp-rt==2024.2.1=arcgispro_1083
    - esri/win-64::freetype==2.13.3=0
    - esri/win-64::future==0.18.3=py311_0
    - esri/win-64::gdal==3.10.2=arcgispro_py311_17888
    - esri/win-64::h5py==3.10.0=arcgispro_py311_4
    - esri/win-64::intel-cmplr-lib-rt==2024.2.1=arcgispro_1083
    - esri/win-64::intel-cmplr-lib-ur==2024.2.1=arcgispro_1083
    - esri/win-64::intel-cmplr-lic-rt==2024.2.1=arcgispro_1083
    - esri/win-64::intel-core==2024.2.0=arcgispro_0
    - esri/win-64::intel-fortran-rt==2024.2.1=arcgispro_1083
    - esri/win-64::intel-openmp==2024.2.1=arcgispro_1083
    - esri/win-64::intel-sycl-rt==2024.2.1=arcgispro_1083
    - esri/win-64::jpeg==9e=0
    - esri/win-64::jupyter_core==5.5.1=py311_1
    - esri/win-64::krb5==1.21.3=1
    - esri/win-64::libabseil==20230125.3=0
    - esri/win-64::libbrotlicommon==1.1.0=2
    - esri/win-64::libbrotlidec==1.1.0=2
    - esri/win-64::libbrotlienc==1.1.0=2
    - esri/win-64::libdeflate==1.20=1
    - esri/win-64::libpdal-base==2.8.4=0
    - esri/win-64::libpng==1.6.43=1
    - esri/win-64::libprotobuf==3.21.12=4
    - esri/win-64::libsodium==1.0.18=5
    - esri/win-64::libthrift==0.20.0=0
    - esri/win-64::libtiff==4.7.0=1
    - esri/win-64::libutf8proc==2.8.0=0
    - esri/win-64::libxml2==2.12.10=arcgispro_0
    - esri/win-64::libxslt==1.1.42=0
    - esri/win-64::lxml==5.3.0=py311_0
    - esri/win-64::lz4-c==1.9.4=1
    - esri/win-64::matplotlib-base==3.9.4=py311_arcgispro_3
    - esri/win-64::matplotlib==3.9.4=py311_arcgispro_3
    - esri/win-64::mkl-service==2.4.2=py311_arcgispro_0
    - esri/win-64::mkl==2024.2.2=arcgispro_14
    - esri/win-64::mkl_fft==1.3.11=py311_arcgispro_4
    - esri/win-64::mkl_random==1.2.8=py311_arcgispro_2
    - esri/win-64::netcdf4==1.6.4=py311_arcgispro_5
    - esri/win-64::networkx==3.4.2=py311_1
    - esri/win-64::nlohmann_json==3.11.2=0
    - esri/win-64::numexpr==2.10.2=py311_1
    - esri/win-64::numpy-base==1.26.4=py311_0
    - esri/win-64::numpy==1.26.4=py311_0
    - esri/win-64::openssl==3.0.16=0
    - esri/win-64::orc==2.0.0=0
    - esri/win-64::pandas==2.2.3=py311_2
    - esri/win-64::pillow==11.1.0=py311_0
    - esri/win-64::pip==23.3.2=py311_0
    - esri/win-64::pro_notebook_integration==3.5=py311_7
    - esri/win-64::protobuf==4.21.12=py311_5
    - esri/win-64::pyarrow==16.1.0=py311_2
    - esri/win-64::pybind11==2.13.6=0
    - esri/win-64::pybind11_json==0.2.13=2
    - esri/win-64::pydantic-core==2.27.2=py311_0
    - esri/win-64::pyspnego==0.11.1=py311_0
    - esri/win-64::pytest==7.4.3=py311_0
    - esri/win-64::python-duckdb==1.2.1=py311_0
    - esri/win-64::python-gssapi==1.8.3=py311_1
    - esri/win-64::python-pdal==3.4.5=py311_2
    - esri/win-64::python==3.11.11=3
    - esri/win-64::pytz==2025.1=py311_0
    - esri/win-64::pywin32-ctypes==0.2.0=py311_1
    - esri/win-64::pywin32-security==306=py311_2
    - esri/win-64::pyzmq==25.1.2=py311_0
    - esri/win-64::re2==2023.06.02=0
    - esri/win-64::scipy==1.14.1=py311_2
    - esri/win-64::setuptools==75.8.0=py311_1
    - esri/win-64::snappy==1.2.1=0
    - esri/win-64::sqlalchemy==2.0.32=py311_0
    - esri/win-64::sqlite==3.49.1=0
    - esri/win-64::sspilib==0.1.0=py311_0
    - esri/win-64::swat==1.13.3=py311_1
    - esri/win-64::sympy==1.12=py311_0
    - esri/win-64::vc==14.38=0
    - esri/win-64::vs2015_runtime==14.38.33130=0
    - esri/win-64::win_inet_pton==1.1.0=py311_1
    - esri/win-64::winkerberos==0.9.1=py311_0
    - esri/win-64::xeus-python==0.15.8=py311_2
    - esri/win-64::xeus-zmq==1.0.2=3
    - esri/win-64::xeus==3.0.5=0
    - esri/win-64::xtl==0.7.5=0
    - esri/win-64::xz==5.4.7=0
    - esri/win-64::yaml==0.2.5=0
    - esri/win-64::zeromq==4.3.5=0
    - esri/win-64::zlib-ng==2.1.6=2
    - esri/win-64::zlib==1.3.1=1
    - esri/win-64::zstd==1.5.7=0


The following NEW packages will be INSTALLED:

  annotated-types    esri/noarch::annotated-types-0.6.0-py_2 
  anyio              pkgs/main/win-64::anyio-4.6.2-py311haa95532_0 
  anywidget          esri/noarch::anywidget-0.9.13-py_1 
  appdirs            pkgs/main/noarch::appdirs-1.4.4-pyhd3eb1b0_0 
  arcgis             esri/win-64::arcgis-2.4.1-py311_6790 
  arcgis-mapping     esri/noarch::arcgis-mapping-4.31.0-py_548 
  arcgispro          esri/win-64::arcgispro-3.5-0 
  arcpy              esri/win-64::arcpy-3.5-py311_arcgispro_57294 
  arcpy-base         esri/win-64::arcpy-base-3.5-py311_57294 
  argon2-cffi        pkgs/main/noarch::argon2-cffi-21.3.0-pyhd3eb1b0_0 
  argon2-cffi-bindi~ pkgs/main/win-64::argon2-cffi-bindings-21.2.0-py311h827c3e9_1 
  arrow-cpp          esri/win-64::arrow-cpp-16.1.0-5 
  astor              pkgs/main/win-64::astor-0.8.1-py311haa95532_0 
  asttokens          pkgs/main/noarch::asttokens-2.0.5-pyhd3eb1b0_0 
  async-lru          esri/noarch::async-lru-2.0.4-py_0 
  attrs              pkgs/main/win-64::attrs-24.3.0-py311haa95532_0 
  autograd           pkgs/main/win-64::autograd-1.5-py311haa95532_0 
  autograd-gamma     pkgs/main/win-64::autograd-gamma-0.5.0-py311haa95532_0 
  aws-crt-cpp        esri/win-64::aws-crt-cpp-0.27.4-0 
  aws-sdk-cpp-base   esri/win-64::aws-sdk-cpp-base-1.11.386-1 
  azure-core         esri/noarch::azure-core-1.12.0-py_0 
  azure-storage-blob esri/noarch::azure-storage-blob-12.8.0-py_0 
  babel              esri/win-64::babel-2.11.0-py311_1 
  beautifulsoup4     pkgs/main/win-64::beautifulsoup4-4.12.3-py311haa95532_0 
  black              esri/win-64::black-23.10.1-py311_2 
  black-jupyter      esri/noarch::black-jupyter-23.10.1-2 
  blas               pkgs/main/win-64::blas-1.0-mkl 
  bleach             pkgs/main/win-64::bleach-6.2.0-py311haa95532_0 
  blinker            pkgs/main/win-64::blinker-1.9.0-py311haa95532_0 
  bottleneck         pkgs/main/win-64::bottleneck-1.4.2-py311h57dcf0c_0 
  brotli             esri/win-64::brotli-1.1.0-2 
  brotli-bin         esri/win-64::brotli-bin-1.1.0-2 
  brotli-python      pkgs/main/win-64::brotli-python-1.0.9-py311h5da7b33_9 
  c-ares             esri/win-64::c-ares-1.19.1-0 
  cachetools         pkgs/main/win-64::cachetools-5.5.1-py311haa95532_0 
  certifi            pkgs/main/win-64::certifi-2025.1.31-py311haa95532_0 
  cffi               pkgs/main/win-64::cffi-1.17.1-py311h827c3e9_1 
  cftime             esri/win-64::cftime-1.6.4-py311_1 
  chardet            pkgs/main/win-64::chardet-4.0.0-py311haa95532_1003 
  charset-normalizer pkgs/main/noarch::charset-normalizer-3.3.2-pyhd3eb1b0_0 
  click              pkgs/main/win-64::click-8.1.7-py311haa95532_0 
  cloudpickle        pkgs/main/win-64::cloudpickle-3.0.0-py311haa95532_0 
  colorama           pkgs/main/win-64::colorama-0.4.6-py311haa95532_0 
  comm               esri/noarch::comm-0.2.2-py_0 
  contourpy          pkgs/main/win-64::contourpy-1.3.1-py311h214f63a_0 
  cppzmq             esri/win-64::cppzmq-4.9.0-0 
  cryptography       esri/win-64::cryptography-43.0.1-py311_0 
  cycler             pkgs/main/noarch::cycler-0.11.0-pyhd3eb1b0_0 
  cytoolz            pkgs/main/win-64::cytoolz-1.0.1-py311h827c3e9_0 
  dask               esri/noarch::dask-2024.12.1-py_0 
  dask-core          esri/noarch::dask-core-2024.12.1-py_0 
  dask-expr          esri/noarch::dask-expr-1.1.21-py_0 
  debugpy            esri/win-64::debugpy-1.8.11-py311_0 
  decorator          pkgs/main/noarch::decorator-5.1.1-pyhd3eb1b0_0 
  defusedxml         pkgs/main/noarch::defusedxml-0.7.1-pyhd3eb1b0_0 
  distributed        esri/noarch::distributed-2024.12.1-py_0 
  dpcpp-cpp-rt       esri/win-64::dpcpp-cpp-rt-2024.2.1-arcgispro_1083 
  entrypoints        pkgs/main/win-64::entrypoints-0.4-py311haa95532_0 
  et_xmlfile         pkgs/main/win-64::et_xmlfile-1.1.0-py311haa95532_0 
  exceptiongroup     esri/noarch::exceptiongroup-1.0.0rc9-pyhd8ed1ab_0 
  executing          pkgs/main/noarch::executing-0.8.3-pyhd3eb1b0_0 
  flake8             pkgs/main/win-64::flake8-7.1.1-py311haa95532_0 
  fonttools          pkgs/main/win-64::fonttools-4.55.3-py311h827c3e9_0 
  formulaic          pkgs/main/win-64::formulaic-0.6.2-py311haa95532_1 
  freetype           esri/win-64::freetype-2.13.3-0 
  fsspec             pkgs/main/win-64::fsspec-2024.12.0-py311haa95532_0 
  future             esri/win-64::future-0.18.3-py311_0 
  gdal               esri/win-64::gdal-3.10.2-arcgispro_py311_17888 
  geomet             esri/noarch::geomet-1.0.0-py_0 
  greenlet           pkgs/main/win-64::greenlet-3.1.1-py311h5da7b33_0 
  h11                pkgs/main/win-64::h11-0.14.0-py311haa95532_0 
  h5py               esri/win-64::h5py-3.10.0-arcgispro_py311_4 
  httpcore           pkgs/main/win-64::httpcore-1.0.2-py311haa95532_0 
  httpx              pkgs/main/win-64::httpx-0.27.0-py311haa95532_0 
  idna               pkgs/main/win-64::idna-3.7-py311haa95532_0 
  importlib-metadata pkgs/main/win-64::importlib-metadata-8.5.0-py311haa95532_0 
  importlib_metadata pkgs/main/noarch::importlib_metadata-8.5.0-hd3eb1b0_0 
  importlib_resourc~ pkgs/main/win-64::importlib_resources-6.4.0-py311haa95532_0 
  iniconfig          esri/noarch::iniconfig-1.1.1-pyhd3eb1b0_0 
  intel-cmplr-lib-rt esri/win-64::intel-cmplr-lib-rt-2024.2.1-arcgispro_1083 
  intel-cmplr-lib-ur esri/win-64::intel-cmplr-lib-ur-2024.2.1-arcgispro_1083 
  intel-cmplr-lic-rt esri/win-64::intel-cmplr-lic-rt-2024.2.1-arcgispro_1083 
  intel-core         esri/win-64::intel-core-2024.2.0-arcgispro_0 
  intel-fortran-rt   esri/win-64::intel-fortran-rt-2024.2.1-arcgispro_1083 
  intel-openmp       esri/win-64::intel-openmp-2024.2.1-arcgispro_1083 
  intel-sycl-rt      esri/win-64::intel-sycl-rt-2024.2.1-arcgispro_1083 
  interface_meta     pkgs/main/win-64::interface_meta-1.3.0-py311haa95532_0 
  ipykernel          esri/noarch::ipykernel-6.29.5-pyh5f5efe1_0 
  ipython            esri/noarch::ipython-8.32.0-pyh3a91677_2 
  ipython_genutils   pkgs/main/noarch::ipython_genutils-0.2.0-pyhd3eb1b0_1 
  ipywidgets         esri/noarch::ipywidgets-8.1.5-py_0 
  isodate            esri/noarch::isodate-0.6.0-py_0 
  jdcal              pkgs/main/noarch::jdcal-1.4.1-pyhd3eb1b0_0 
  jedi               esri/noarch::jedi-0.18.2-py_1 
  jinja2             pkgs/main/win-64::jinja2-3.1.5-py311haa95532_0 
  jpeg               esri/win-64::jpeg-9e-0 
  json5              esri/noarch::json5-0.9.25-py_0 
  jsonschema         pkgs/main/win-64::jsonschema-4.23.0-py311haa95532_0 
  jsonschema-specif~ pkgs/main/win-64::jsonschema-specifications-2023.7.1-py311haa95532_0 
  jupyter-lsp        esri/noarch::jupyter-lsp-2.2.0-py_0 
  jupyter_client     esri/noarch::jupyter_client-8.6.0-py_0 
  jupyter_console    esri/noarch::jupyter_console-6.6.3-py_0 
  jupyter_core       esri/win-64::jupyter_core-5.5.1-py311_1 
  jupyter_events     esri/noarch::jupyter_events-0.10.0-py_0 
  jupyter_server     esri/noarch::jupyter_server-2.14.2-py_0 
  jupyter_server_te~ pkgs/main/win-64::jupyter_server_terminals-0.4.4-py311haa95532_1 
  jupyterlab         esri/noarch::jupyterlab-4.2.5-py_0 
  jupyterlab_pygmen~ esri/noarch::jupyterlab_pygments-0.3.0-py_1 
  jupyterlab_server  esri/noarch::jupyterlab_server-2.27.3-py_0 
  jupyterlab_widgets esri/noarch::jupyterlab_widgets-3.0.13-py_0 
  keyring            esri/noarch::keyring-24.3.0-py_2 
  kiwisolver         pkgs/main/win-64::kiwisolver-1.4.8-py311h5da7b33_0 
  krb5               esri/win-64::krb5-1.21.3-1 
  libabseil          esri/win-64::libabseil-20230125.3-0 
  libbrotlicommon    esri/win-64::libbrotlicommon-1.1.0-2 
  libbrotlidec       esri/win-64::libbrotlidec-1.1.0-2 
  libbrotlienc       esri/win-64::libbrotlienc-1.1.0-2 
  libdeflate         esri/win-64::libdeflate-1.20-1 
  libpdal-base       esri/win-64::libpdal-base-2.8.4-0 
  libpng             esri/win-64::libpng-1.6.43-1 
  libprotobuf        esri/win-64::libprotobuf-3.21.12-4 
  libsodium          esri/win-64::libsodium-1.0.18-5 
  libthrift          esri/win-64::libthrift-0.20.0-0 
  libtiff            esri/win-64::libtiff-4.7.0-1 
  libutf8proc        esri/win-64::libutf8proc-2.8.0-0 
  libxml2            esri/win-64::libxml2-2.12.10-arcgispro_0 
  libxslt            esri/win-64::libxslt-1.1.42-0 
  lifelines          esri/noarch::lifelines-0.30.0-py_0 
  locket             pkgs/main/win-64::locket-1.0.0-py311haa95532_0 
  lxml               esri/win-64::lxml-5.3.0-py311_0 
  lz4                pkgs/main/win-64::lz4-4.3.2-py311h827c3e9_1 
  lz4-c              esri/win-64::lz4-c-1.9.4-1 
  markupsafe         pkgs/main/win-64::markupsafe-3.0.2-py311h827c3e9_0 
  matplotlib         esri/win-64::matplotlib-3.9.4-py311_arcgispro_3 
  matplotlib-base    esri/win-64::matplotlib-base-3.9.4-py311_arcgispro_3 
  matplotlib-inline  esri/noarch::matplotlib-inline-0.1.7-py_0 
  mccabe             pkgs/main/noarch::mccabe-0.7.0-pyhd3eb1b0_0 
  mistune            pkgs/main/win-64::mistune-3.1.2-py311haa95532_0 
  mkl                esri/win-64::mkl-2024.2.2-arcgispro_14 
  mkl-service        esri/win-64::mkl-service-2.4.2-py311_arcgispro_0 
  mkl_fft            esri/win-64::mkl_fft-1.3.11-py311_arcgispro_4 
  mkl_random         esri/win-64::mkl_random-1.2.8-py311_arcgispro_2 
  mpmath             pkgs/main/win-64::mpmath-1.3.0-py311haa95532_0 
  msgpack-python     pkgs/main/win-64::msgpack-python-1.0.3-py311h59b6b97_0 
  msrest             esri/noarch::msrest-0.6.21-py_0 
  mypy_extensions    pkgs/main/win-64::mypy_extensions-1.0.0-py311haa95532_0 
  nbclassic          esri/noarch::nbclassic-1.1.0-py_1 
  nbclient           esri/noarch::nbclient-0.8.0-py_0 
  nbconvert          esri/noarch::nbconvert-7.16.6-py_0 
  nbformat           esri/noarch::nbformat-5.10.4-py_0 
  nest-asyncio       pkgs/main/win-64::nest-asyncio-1.6.0-py311haa95532_0 
  netcdf4            esri/win-64::netcdf4-1.6.4-py311_arcgispro_5 
  networkx           esri/win-64::networkx-3.4.2-py311_1 
  nlohmann_json      esri/win-64::nlohmann_json-3.11.2-0 
  nose               pkgs/main/noarch::nose-1.3.7-pyhd3eb1b0_1008 
  notebook           esri/noarch::notebook-7.2.2-py_1 
  notebook-shim      esri/noarch::notebook-shim-0.2.4-py_0 
  numexpr            esri/win-64::numexpr-2.10.2-py311_1 
  numpy              esri/win-64::numpy-1.26.4-py311_0 
  numpy-base         esri/win-64::numpy-base-1.26.4-py311_0 
  oauthlib           esri/noarch::oauthlib-3.2.2-py_0 
  olefile            pkgs/main/noarch::olefile-0.46-pyhd3eb1b0_0 
  openpyxl           pkgs/main/win-64::openpyxl-3.1.5-py311h827c3e9_1 
  openssl            esri/win-64::openssl-3.0.16-0 
  orc                esri/win-64::orc-2.0.0-0 
  overrides          pkgs/main/win-64::overrides-7.4.0-py311haa95532_0 
  packaging          pkgs/main/win-64::packaging-24.2-py311haa95532_0 
  pandas             esri/win-64::pandas-2.2.3-py311_2 
  pandocfilters      pkgs/main/noarch::pandocfilters-1.5.0-pyhd3eb1b0_0 
  parso              pkgs/main/win-64::parso-0.8.4-py311haa95532_0 
  partd              pkgs/main/win-64::partd-1.4.2-py311haa95532_0 
  pathspec           esri/noarch::pathspec-0.9.0-py_0 
  patsy              pkgs/main/win-64::patsy-1.0.1-py311haa95532_0 
  pefile             esri/noarch::pefile-2022.5.30-pyhd8ed1ab_0 
  pickleshare        pkgs/main/noarch::pickleshare-0.7.5-pyhd3eb1b0_1003 
  pillow             esri/win-64::pillow-11.1.0-py311_0 
  pip                esri/win-64::pip-23.3.2-py311_0 
  platformdirs       pkgs/main/win-64::platformdirs-3.10.0-py311haa95532_0 
  pluggy             pkgs/main/win-64::pluggy-1.5.0-py311haa95532_0 
  pro_notebook_inte~ esri/win-64::pro_notebook_integration-3.5-py311_7 
  prometheus_client  esri/noarch::prometheus_client-0.20.0-py_0 
  prompt-toolkit     esri/noarch::prompt-toolkit-3.0.47-py_0 
  prompt_toolkit     esri/noarch::prompt_toolkit-3.0.47-0 
  protobuf           esri/win-64::protobuf-4.21.12-py311_5 
  psutil             pkgs/main/win-64::psutil-5.9.0-py311h827c3e9_1 
  psygnal            esri/noarch::psygnal-0.11.0-py_0 
  pure_eval          pkgs/main/noarch::pure_eval-0.2.2-pyhd3eb1b0_0 
  puremagic          esri/noarch::puremagic-1.15-py_0 
  pyarrow            esri/win-64::pyarrow-16.1.0-py311_2 
  pybind11           esri/win-64::pybind11-2.13.6-0 
  pybind11_json      esri/win-64::pybind11_json-0.2.13-2 
  pycodestyle        pkgs/main/win-64::pycodestyle-2.12.1-py311haa95532_0 
  pycparser          pkgs/main/noarch::pycparser-2.21-pyhd3eb1b0_0 
  pydantic           esri/noarch::pydantic-2.10.6-py_0 
  pydantic-core      esri/win-64::pydantic-core-2.27.2-py311_0 
  pyflakes           pkgs/main/win-64::pyflakes-3.2.0-py311haa95532_0 
  pygments           esri/noarch::pygments-2.18.0-py_0 
  pyjwt              esri/noarch::pyjwt-2.4.0-py_1 
  pylerc             esri/noarch::pylerc-4.0-py_0 
  pyodbc             pkgs/main/win-64::pyodbc-5.2.0-py311h5da7b33_0 
  pyparsing          pkgs/main/win-64::pyparsing-3.2.0-py311haa95532_0 
  pypdf              esri/noarch::pypdf-4.3.1-py_1 
  pyshp              pkgs/main/win-64::pyshp-2.3.1-py311haa95532_0 
  pysocks            pkgs/main/win-64::pysocks-1.7.1-py311haa95532_0 
  pyspnego           esri/win-64::pyspnego-0.11.1-py311_0 
  pytest             esri/win-64::pytest-7.4.3-py311_0 
  python             esri/win-64::python-3.11.11-3 
  python-dateutil    pkgs/main/win-64::python-dateutil-2.9.0post0-py311haa95532_2 
  python-duckdb      esri/win-64::python-duckdb-1.2.1-py311_0 
  python-fastjsonsc~ pkgs/main/win-64::python-fastjsonschema-2.20.0-py311haa95532_0 
  python-gssapi      esri/win-64::python-gssapi-1.8.3-py311_1 
  python-json-logger pkgs/main/win-64::python-json-logger-3.2.1-py311haa95532_0 
  python-pdal        esri/win-64::python-pdal-3.4.5-py311_2 
  pytz               esri/win-64::pytz-2025.1-py311_0 
  pywin32-ctypes     esri/win-64::pywin32-ctypes-0.2.0-py311_1 
  pywin32-security   esri/win-64::pywin32-security-306-py311_2 
  pywinpty           pkgs/main/win-64::pywinpty-2.0.14-py311h72d21ff_0 
  pyyaml             pkgs/main/win-64::pyyaml-6.0.2-py311h827c3e9_0 
  pyzmq              esri/win-64::pyzmq-25.1.2-py311_0 
  re2                esri/win-64::re2-2023.06.02-0 
  referencing        pkgs/main/win-64::referencing-0.30.2-py311haa95532_0 
  regex              pkgs/main/win-64::regex-2024.11.6-py311h827c3e9_0 
  requests           pkgs/main/win-64::requests-2.32.3-py311haa95532_1 
  requests-gssapi    esri/noarch::requests-gssapi-1.2.3-py_2 
  requests-kerberos  esri/noarch::requests-kerberos-0.14.0-pyh424387f_4 
  requests-oauthlib  pkgs/main/win-64::requests-oauthlib-2.0.0-py311haa95532_0 
  requests-toolbelt  esri/noarch::requests-toolbelt-1.0.0-py_0 
  rfc3339-validator  pkgs/main/win-64::rfc3339-validator-0.1.4-py311haa95532_0 
  rfc3986-validator  pkgs/main/win-64::rfc3986-validator-0.1.1-py311haa95532_0 
  rpds-py            pkgs/main/win-64::rpds-py-0.22.3-py311h636fa0f_0 
  ruamel.yaml        pkgs/main/win-64::ruamel.yaml-0.18.6-py311h827c3e9_0 
  ruamel.yaml.clib   pkgs/main/win-64::ruamel.yaml.clib-0.2.8-py311h827c3e9_0 
  saspy              esri/noarch::saspy-4.3.2-py_1 
  scipy              esri/win-64::scipy-1.14.1-py311_2 
  seaborn            pkgs/main/win-64::seaborn-0.13.2-py311haa95532_2 
  send2trash         pkgs/main/win-64::send2trash-1.8.2-py311haa95532_1 
  setuptools         esri/win-64::setuptools-75.8.0-py311_1 
  six                esri/noarch::six-1.16.0-py_0 
  snappy             esri/win-64::snappy-1.2.1-0 
  sniffio            pkgs/main/win-64::sniffio-1.3.0-py311haa95532_0 
  sortedcontainers   pkgs/main/noarch::sortedcontainers-2.4.0-pyhd3eb1b0_0 
  soupsieve          pkgs/main/win-64::soupsieve-2.5-py311haa95532_0 
  sqlalchemy         esri/win-64::sqlalchemy-2.0.32-py311_0 
  sqlite             esri/win-64::sqlite-3.49.1-0 
  sspilib            esri/win-64::sspilib-0.1.0-py311_0 
  stack_data         esri/noarch::stack_data-0.5.1-py_0 
  statsmodels        pkgs/main/win-64::statsmodels-0.14.4-py311h827c3e9_0 
  swat               esri/win-64::swat-1.13.3-py311_1 
  sympy              esri/win-64::sympy-1.12-py311_0 
  tbb                pkgs/main/win-64::tbb-2021.8.0-h59b6b97_0 
  tbb4py             pkgs/main/win-64::tbb4py-2021.8.0-py311h59b6b97_0 
  tblib              pkgs/main/noarch::tblib-1.7.0-pyhd3eb1b0_0 
  terminado          pkgs/main/win-64::terminado-0.17.1-py311haa95532_0 
  testpath           esri/noarch::testpath-0.5.0-py_0 
  tinycss2           esri/noarch::tinycss2-1.1.1-py_0 
  tokenize-rt        esri/noarch::tokenize-rt-6.0.0-py_0 
  toml               pkgs/main/noarch::toml-0.10.2-pyhd3eb1b0_0 
  tomli              pkgs/main/win-64::tomli-2.0.1-py311haa95532_0 
  toolz              pkgs/main/win-64::toolz-1.0.0-py311haa95532_0 
  tornado            pkgs/main/win-64::tornado-6.4.2-py311h827c3e9_0 
  tqdm               pkgs/main/win-64::tqdm-4.67.1-py311h746a85d_0 
  traitlets          pkgs/main/win-64::traitlets-5.14.3-py311haa95532_0 
  truststore         esri/noarch::truststore-0.10.0-py_1 
  typing-extensions  pkgs/main/win-64::typing-extensions-4.12.2-py311haa95532_0 
  typing_extensions  pkgs/main/win-64::typing_extensions-4.12.2-py311haa95532_0 
  tzdata             pkgs/main/noarch::tzdata-2025a-h04d1e81_0 
  ujson              pkgs/main/win-64::ujson-5.10.0-py311h5da7b33_1 
  unicodedata2       pkgs/main/win-64::unicodedata2-15.1.0-py311h827c3e9_1 
  urllib3            pkgs/main/win-64::urllib3-2.3.0-py311haa95532_0 
  vc                 esri/win-64::vc-14.38-0 
  vs2015_runtime     esri/win-64::vs2015_runtime-14.38.33130-0 
  watchfiles         pkgs/main/win-64::watchfiles-0.24.0-py311h636fa0f_2 
  wcwidth            pkgs/main/noarch::wcwidth-0.2.5-pyhd3eb1b0_0 
  webencodings       pkgs/main/win-64::webencodings-0.5.1-py311haa95532_1 
  websocket-client   pkgs/main/win-64::websocket-client-1.8.0-py311haa95532_0 
  wheel              pkgs/main/win-64::wheel-0.45.1-py311haa95532_0 
  widgetsnbextension esri/noarch::widgetsnbextension-4.0.13-py_0 
  win_inet_pton      esri/win-64::win_inet_pton-1.1.0-py311_1 
  winkerberos        esri/win-64::winkerberos-0.9.1-py311_0 
  winpty             pkgs/main/win-64::winpty-0.4.3-4 
  wrapt              pkgs/main/win-64::wrapt-1.17.0-py311h827c3e9_0 
  xarray             pkgs/main/win-64::xarray-2024.11.0-py311haa95532_0 
  xeus               esri/win-64::xeus-3.0.5-0 
  xeus-python        esri/win-64::xeus-python-0.15.8-py311_2 
  xeus-python-shell  esri/noarch::xeus-python-shell-0.6.3-2 
  xeus-python-shell~ esri/noarch::xeus-python-shell-raw-0.6.3-py_2 
  xeus-zmq           esri/win-64::xeus-zmq-1.0.2-3 
  xlrd               pkgs/main/noarch::xlrd-2.0.1-pyhd3eb1b0_1 
  xlwt               pkgs/main/win-64::xlwt-1.3.0-py311haa95532_0 
  xtl                esri/win-64::xtl-0.7.5-0 
  xz                 esri/win-64::xz-5.4.7-0 
  yaml               esri/win-64::yaml-0.2.5-0 
  zeromq             esri/win-64::zeromq-4.3.5-0 
  zict               esri/noarch::zict-3.0.0-py_0 
  zipp               pkgs/main/win-64::zipp-3.21.0-py311haa95532_0 
  zlib               esri/win-64::zlib-1.3.1-1 
  zlib-ng            esri/win-64::zlib-ng-2.1.6-2 
  zstd               esri/win-64::zstd-1.5.7-0 



Downloading and Extracting Packages: ...working... done
Preparing transaction: ...working... done
Verifying transaction: ...working... done
Executing transaction: ...working... 
done
#
# To activate this environment, use
#
#     $ activate ra-env
#
# To deactivate an active environment, use
#
#     $ deactivate

[3/4] Activating and checking Arcpy...
ArcPy successfully linked.
[4/4] Installing dependencies...
Collecting pyqt5 (from -r C:\Users\apoor\RA_Avni\Setup\requirements.txt (line 2))
  Using cached PyQt5-5.15.11-cp38-abi3-win_amd64.whl.metadata (2.1 kB)
Collecting psycopg2 (from -r C:\Users\apoor\RA_Avni\Setup\requirements.txt (line 3))
  Using cached psycopg2-2.9.11-cp311-cp311-win_amd64.whl.metadata (5.1 kB)
Collecting PyQt5-sip<13,>=12.15 (from pyqt5->-r C:\Users\apoor\RA_Avni\Setup\requirements.txt (line 2))
  Using cached pyqt5_sip-12.18.0-cp311-cp311-win_amd64.whl.metadata (516 bytes)
Collecting PyQt5-Qt5<5.16.0,>=5.15.2 (from pyqt5->-r C:\Users\apoor\RA_Avni\Setup\requirements.txt (line 2))
  Using cached PyQt5_Qt5-5.15.2-py3-none-win_amd64.whl.metadata (552 bytes)
Using cached PyQt5-5.15.11-cp38-abi3-win_amd64.whl (6.9 MB)
Using cached PyQt5_Qt5-5.15.2-py3-none-win_amd64.whl (50.1 MB)
Using cached pyqt5_sip-12.18.0-cp311-cp311-win_amd64.whl (58 kB)
Using cached psycopg2-2.9.11-cp311-cp311-win_amd64.whl (2.7 MB)
Installing collected packages: PyQt5-Qt5, PyQt5-sip, psycopg2, pyqt5

Successfully installed PyQt5-Qt5-5.15.2 PyQt5-sip-12.18.0 psycopg2-2.9.11 pyqt5-5.15.11
